<?xml version="1.0" encoding="UTF-8"?>
<!-- Generated by org.testng.reporters.JUnitReportReporter -->
<testsuite hostname="LAPTOP-54CIPACA" failures="0" tests="2" name="testcase.Logintest" time="23.946" errors="0" timestamp="23 Apr 2023 09:13:10 GMT" skipped="0">
  <testcase classname="testcase.Logintest" name="Invalidlogin" time="11.819"/>
  <testcase classname="testcase.Logintest" name="validlogin" time="12.127"/>
</testsuite> <!-- testcase.Logintest -->
